#
# There is insufficient memory for the Java Runtime Environment to continue.
# Native memory allocation (malloc) failed to allocate 32744 bytes for ChunkPool::allocate
# Possible reasons:
#   The system is out of physical RAM or swap space
#   In 32 bit mode, the process size limit was hit
# Possible solutions:
#   Reduce memory load on the system
#   Increase physical memory or swap space
#   Check if swap backing store is full
#   Use 64 bit Java on a 64 bit OS
#   Decrease Java heap size (-Xmx/-Xms)
#   Decrease number of Java threads
#   Decrease Java thread stack sizes (-Xss)
#   Set larger code cache with -XX:ReservedCodeCacheSize=
# This output file may be truncated or incomplete.
#
#  Out of Memory Error (allocation.cpp:273), pid=11564, tid=0x0000000000004290
#
# JRE version: OpenJDK Runtime Environment (8.0_152-b01) (build 1.8.0_152-release-915-b01)
# Java VM: OpenJDK 64-Bit Server VM (25.152-b01 mixed mode windows-amd64 compressed oops)
# Failed to write core dump. Minidumps are not enabled by default on client versions of Windows
#

---------------  T H R E A D  ---------------

Current thread (0x0000000014f29000):  JavaThread "C2 CompilerThread0" daemon [_thread_in_native, id=17040, stack(0x00000000165b0000,0x00000000166b0000)]

Stack: [0x00000000165b0000,0x00000000166b0000]
[error occurred during error reporting (printing stack bounds), id 0xc0000005]

Native frames: (J=compiled Java code, j=interpreted, Vv=VM code, C=native code)


Current CompileTask:
C2:1922787 16038   !   4       java.net.URLClassLoader$1::run (63 bytes)


---------------  P R O C E S S  ---------------

Java Threads: ( => current thread )
  0x000000001a1ad800 JavaThread "build operations Thread 4" [_thread_blocked, id=1992, stack(0x0000000027670000,0x0000000027770000)]
  0x000000001a1ad000 JavaThread "build operations Thread 3" [_thread_blocked, id=9176, stack(0x0000000027570000,0x0000000027670000)]
  0x000000001a1ac000 JavaThread "build operations Thread 2" [_thread_blocked, id=9956, stack(0x0000000027470000,0x0000000027570000)]
  0x000000001a1ae800 JavaThread "build operations" [_thread_blocked, id=5936, stack(0x0000000027370000,0x0000000027470000)]
  0x000000001a1a4000 JavaThread "Cache worker for Artifact transforms cache (C:\Users\Rikmen\.gradle\caches\transforms-1)" [_thread_blocked, id=3004, stack(0x0000000027270000,0x0000000027370000)]
  0x000000001a1aa800 JavaThread "Cache worker for file hash cache (C:\Users\Rikmen\StudioProjects\25.07.2018\appforyou\.gradle\4.1\fileHashes)" [_thread_blocked, id=1668, stack(0x0000000027170000,0x0000000027270000)]
  0x000000001a1a3000 JavaThread "Stdin handler" [_thread_blocked, id=15180, stack(0x0000000027070000,0x0000000027170000)]
  0x000000001a1a2800 JavaThread "Asynchronous log dispatcher for DefaultDaemonConnection: socket connection from /127.0.0.1:60248 to /127.0.0.1:60369" [_thread_blocked, id=5524, stack(0x0000000026f70000,0x0000000027070000)]
  0x000000001a1a4800 JavaThread "Cancel handler" [_thread_blocked, id=12344, stack(0x0000000026e70000,0x0000000026f70000)]
  0x000000001a1a9000 JavaThread "Handler for socket connection from /127.0.0.1:60248 to /127.0.0.1:60369" [_thread_in_native, id=13228, stack(0x0000000026d70000,0x0000000026e70000)]
  0x0000000017e84800 JavaThread "ForkJoinPool.commonPool-worker-3" daemon [_thread_blocked, id=15688, stack(0x0000000025870000,0x0000000025970000)]
  0x000000001a1aa000 JavaThread "Daemon worker Thread 2" [_thread_in_Java, id=8308, stack(0x0000000023a70000,0x0000000023b70000)]
  0x000000001a1a8800 JavaThread "Daemon Thread 2" [_thread_blocked, id=13536, stack(0x0000000023770000,0x0000000023870000)]
  0x000000001a1a7000 JavaThread "Memory manager" [_thread_blocked, id=10376, stack(0x000000001e710000,0x000000001e810000)]
  0x0000000017e85000 JavaThread "pool-1-thread-1" [_thread_blocked, id=9620, stack(0x000000001e610000,0x000000001e710000)]
  0x0000000017ae2800 JavaThread "File lock request listener" [_thread_in_native, id=10192, stack(0x0000000019800000,0x0000000019900000)]
  0x0000000017f75800 JavaThread "Cache worker for file hash cache (C:\Users\Rikmen\.gradle\caches\4.1\fileHashes)" [_thread_blocked, id=13184, stack(0x0000000019700000,0x0000000019800000)]
  0x0000000017cbc000 JavaThread "Daemon periodic checks" [_thread_blocked, id=14912, stack(0x0000000018e00000,0x0000000018f00000)]
  0x000000001756f800 JavaThread "Incoming local TCP Connector on port 60248" [_thread_in_native, id=7364, stack(0x0000000018bc0000,0x0000000018cc0000)]
  0x00000000168d8800 JavaThread "Service Thread" daemon [_thread_blocked, id=14872, stack(0x0000000016cb0000,0x0000000016db0000)]
  0x0000000014f24800 JavaThread "C1 CompilerThread2" daemon [_thread_blocked, id=10884, stack(0x00000000167b0000,0x00000000168b0000)]
  0x0000000014f1d800 JavaThread "C2 CompilerThread1" daemon [_thread_in_native, id=8952, stack(0x00000000166b0000,0x00000000167b0000)]
=>0x0000000014f29000 JavaThread "C2 CompilerThread0" daemon [_thread_in_native, id=17040, stack(0x00000000165b0000,0x00000000166b0000)]
  0x0000000014f28000 JavaThread "Attach Listener" daemon [_thread_blocked, id=7972, stack(0x00000000164b0000,0x00000000165b0000)]
  0x0000000014f27000 JavaThread "Signal Dispatcher" daemon [_thread_blocked, id=8416, stack(0x00000000163b0000,0x00000000164b0000)]
  0x00000000027fc000 JavaThread "Finalizer" daemon [_thread_blocked, id=14784, stack(0x0000000016190000,0x0000000016290000)]
  0x00000000027f1000 JavaThread "Reference Handler" daemon [_thread_blocked, id=9288, stack(0x0000000016090000,0x0000000016190000)]
  0x000000000284d800 JavaThread "main" [_thread_blocked, id=11616, stack(0x00000000025e0000,0x00000000026e0000)]

Other Threads:
  0x0000000014ee5800 VMThread [stack: 0x0000000015f90000,0x0000000016090000] [id=10332]
  0x0000000014f7d800 WatcherThread [stack: 0x0000000016db0000,0x0000000016eb0000] [id=5804]

VM state:not at safepoint (normal execution)

VM Mutex/Monitor currently owned by a thread: None

Heap:
 PSYoungGen      total 182272K, used 60085K [0x00000000eab00000, 0x00000000f9280000, 0x0000000100000000)
  eden space 139776K, 39% used [0x00000000eab00000,0x00000000ee0a8258,0x00000000f3380000)
  from space 42496K, 12% used [0x00000000f6900000,0x00000000f6e05560,0x00000000f9280000)
  to   space 48640K, 0% used [0x00000000f3380000,0x00000000f3380000,0x00000000f6300000)
 ParOldGen       total 151040K, used 71647K [0x00000000c0000000, 0x00000000c9380000, 0x00000000eab00000)
  object space 151040K, 47% used [0x00000000c0000000,0x00000000c45f7e18,0x00000000c9380000)
 Metaspace       used 71155K, capacity 74052K, committed 75648K, reserved 1114112K
  class space    used 8993K, capacity 9660K, committed 10112K, reserved 1048576K

Card table byte_map: [0x0000000011c10000,0x0000000011e20000] byte_map_base: 0x0000000011610000

Marking Bits: (ParMarkBitMap*) 0x000000006c433950
 Begin Bits: [0x0000000012380000, 0x0000000013380000)
 End Bits:   [0x0000000013380000, 0x0000000014380000)

Polling page: 0x0000000000860000

CodeCache: size=245760Kb used=46587Kb max_used=48701Kb free=199173Kb
 bounds [0x0000000002850000, 0x0000000005830000, 0x0000000011850000]
 total_blobs=13449 nmethods=12632 adapters=729
 compilation: enabled

Compilation events (10 events):
Event: 1921.822 Thread 0x0000000014f24800 nmethod 16141 0x0000000004ae9950 code [0x0000000004ae9d00, 0x0000000004aeb958]
Event: 1921.822 Thread 0x0000000014f24800 16142       3       com.sun.xml.internal.bind.v2.runtime.JAXBContextImpl::getGlobalType (12 bytes)
Event: 1921.823 Thread 0x0000000014f24800 nmethod 16142 0x0000000004e0dc90 code [0x0000000004e0de00, 0x0000000004e0e108]
Event: 1921.845 Thread 0x0000000014f24800 16143       3       java.lang.RuntimeException::<init> (6 bytes)
Event: 1921.846 Thread 0x0000000014f24800 nmethod 16143 0x0000000004d27cd0 code [0x0000000004d27e40, 0x0000000004d28028]
Event: 1921.852 Thread 0x0000000014f24800 16144       1       com.sun.org.apache.xerces.internal.impl.dv.xs.StringDV::getActualValue (2 bytes)
Event: 1921.852 Thread 0x0000000014f24800 nmethod 16144 0x00000000050315d0 code [0x0000000005031720, 0x0000000005031830]
Event: 1921.854 Thread 0x0000000014f1d800 16145  s    4       java.util.jar.JarFile::getInputStream (89 bytes)
Event: 1921.945 Thread 0x0000000014f24800 16148   !   3       sun.reflect.GeneratedConstructorAccessor25::newInstance (49 bytes)
Event: 1921.947 Thread 0x0000000014f24800 nmethod 16148 0x0000000005276f90 code [0x0000000005277160, 0x00000000052777b8]

GC Heap History (10 events):
Event: 1882.237 GC heap before
{Heap before GC invocations=37 (full 4):
 PSYoungGen      total 140800K, used 111616K [0x00000000eab00000, 0x00000000f8700000, 0x0000000100000000)
  eden space 111616K, 100% used [0x00000000eab00000,0x00000000f1800000,0x00000000f1800000)
  from space 29184K, 0% used [0x00000000f3f80000,0x00000000f3f80000,0x00000000f5c00000)
  to   space 40448K, 0% used [0x00000000f1800000,0x00000000f1800000,0x00000000f3f80000)
 ParOldGen       total 141824K, used 81496K [0x00000000c0000000, 0x00000000c8a80000, 0x00000000eab00000)
  object space 141824K, 57% used [0x00000000c0000000,0x00000000c4f963e8,0x00000000c8a80000)
 Metaspace       used 68909K, capacity 71406K, committed 73728K, reserved 1114112K
  class space    used 8775K, capacity 9383K, committed 9984K, reserved 1048576K
Event: 1882.296 GC heap after
Heap after GC invocations=37 (full 4):
 PSYoungGen      total 152064K, used 20359K [0x00000000eab00000, 0x00000000f7a80000, 0x0000000100000000)
  eden space 111616K, 0% used [0x00000000eab00000,0x00000000eab00000,0x00000000f1800000)
  from space 40448K, 50% used [0x00000000f1800000,0x00000000f2be1c40,0x00000000f3f80000)
  to   space 39936K, 0% used [0x00000000f5380000,0x00000000f5380000,0x00000000f7a80000)
 ParOldGen       total 141824K, used 81504K [0x00000000c0000000, 0x00000000c8a80000, 0x00000000eab00000)
  object space 141824K, 57% used [0x00000000c0000000,0x00000000c4f983e8,0x00000000c8a80000)
 Metaspace       used 68909K, capacity 71406K, committed 73728K, reserved 1114112K
  class space    used 8775K, capacity 9383K, committed 9984K, reserved 1048576K
}
Event: 1884.792 GC heap before
{Heap before GC invocations=38 (full 4):
 PSYoungGen      total 152064K, used 131975K [0x00000000eab00000, 0x00000000f7a80000, 0x0000000100000000)
  eden space 111616K, 100% used [0x00000000eab00000,0x00000000f1800000,0x00000000f1800000)
  from space 40448K, 50% used [0x00000000f1800000,0x00000000f2be1c40,0x00000000f3f80000)
  to   space 39936K, 0% used [0x00000000f5380000,0x00000000f5380000,0x00000000f7a80000)
 ParOldGen       total 141824K, used 81504K [0x00000000c0000000, 0x00000000c8a80000, 0x00000000eab00000)
  object space 141824K, 57% used [0x00000000c0000000,0x00000000c4f983e8,0x00000000c8a80000)
 Metaspace       used 70275K, capacity 72750K, committed 75008K, reserved 1114112K
  class space    used 8896K, capacity 9511K, committed 9984K, reserved 1048576K
Event: 1884.874 GC heap after
Heap after GC invocations=38 (full 4):
 PSYoungGen      total 162304K, used 39922K [0x00000000eab00000, 0x00000000f9000000, 0x0000000100000000)
  eden space 122368K, 0% used [0x00000000eab00000,0x00000000eab00000,0x00000000f2280000)
  from space 39936K, 99% used [0x00000000f5380000,0x00000000f7a7cb28,0x00000000f7a80000)
  to   space 50176K, 0% used [0x00000000f2280000,0x00000000f2280000,0x00000000f5380000)
 ParOldGen       total 141824K, used 93009K [0x00000000c0000000, 0x00000000c8a80000, 0x00000000eab00000)
  object space 141824K, 65% used [0x00000000c0000000,0x00000000c5ad4790,0x00000000c8a80000)
 Metaspace       used 70275K, capacity 72750K, committed 75008K, reserved 1114112K
  class space    used 8896K, capacity 9511K, committed 9984K, reserved 1048576K
}
Event: 1895.949 GC heap before
{Heap before GC invocations=39 (full 4):
 PSYoungGen      total 162304K, used 162290K [0x00000000eab00000, 0x00000000f9000000, 0x0000000100000000)
  eden space 122368K, 100% used [0x00000000eab00000,0x00000000f2280000,0x00000000f2280000)
  from space 39936K, 99% used [0x00000000f5380000,0x00000000f7a7cb28,0x00000000f7a80000)
  to   space 50176K, 0% used [0x00000000f2280000,0x00000000f2280000,0x00000000f5380000)
 ParOldGen       total 141824K, used 93009K [0x00000000c0000000, 0x00000000c8a80000, 0x00000000eab00000)
  object space 141824K, 65% used [0x00000000c0000000,0x00000000c5ad4790,0x00000000c8a80000)
 Metaspace       used 71015K, capacity 73570K, committed 75648K, reserved 1114112K
  class space    used 8941K, capacity 9587K, committed 10112K, reserved 1048576K
Event: 1896.041 GC heap after
Heap after GC invocations=39 (full 4):
 PSYoungGen      total 172544K, used 23821K [0x00000000eab00000, 0x00000000f9880000, 0x0000000100000000)
  eden space 122368K, 0% used [0x00000000eab00000,0x00000000eab00000,0x00000000f2280000)
  from space 50176K, 47% used [0x00000000f2280000,0x00000000f39c3440,0x00000000f5380000)
  to   space 48640K, 0% used [0x00000000f6900000,0x00000000f6900000,0x00000000f9880000)
 ParOldGen       total 141824K, used 126893K [0x00000000c0000000, 0x00000000c8a80000, 0x00000000eab00000)
  object space 141824K, 89% used [0x00000000c0000000,0x00000000c7beb530,0x00000000c8a80000)
 Metaspace       used 71015K, capacity 73570K, committed 75648K, reserved 1114112K
  class space    used 8941K, capacity 9587K, committed 10112K, reserved 1048576K
}
Event: 1896.042 GC heap before
{Heap before GC invocations=40 (full 5):
 PSYoungGen      total 172544K, used 23821K [0x00000000eab00000, 0x00000000f9880000, 0x0000000100000000)
  eden space 122368K, 0% used [0x00000000eab00000,0x00000000eab00000,0x00000000f2280000)
  from space 50176K, 47% used [0x00000000f2280000,0x00000000f39c3440,0x00000000f5380000)
  to   space 48640K, 0% used [0x00000000f6900000,0x00000000f6900000,0x00000000f9880000)
 ParOldGen       total 141824K, used 126893K [0x00000000c0000000, 0x00000000c8a80000, 0x00000000eab00000)
  object space 141824K, 89% used [0x00000000c0000000,0x00000000c7beb530,0x00000000c8a80000)
 Metaspace       used 71015K, capacity 73570K, committed 75648K, reserved 1114112K
  class space    used 8941K, capacity 9587K, committed 10112K, reserved 1048576K
Event: 1896.386 GC heap after
Heap after GC invocations=40 (full 5):
 PSYoungGen      total 172544K, used 0K [0x00000000eab00000, 0x00000000f9880000, 0x0000000100000000)
  eden space 122368K, 0% used [0x00000000eab00000,0x00000000eab00000,0x00000000f2280000)
  from space 50176K, 0% used [0x00000000f2280000,0x00000000f2280000,0x00000000f5380000)
  to   space 48640K, 0% used [0x00000000f6900000,0x00000000f6900000,0x00000000f9880000)
 ParOldGen       total 151040K, used 71639K [0x00000000c0000000, 0x00000000c9380000, 0x00000000eab00000)
  object space 151040K, 47% used [0x00000000c0000000,0x00000000c45f5e18,0x00000000c9380000)
 Metaspace       used 70255K, capacity 72734K, committed 75648K, reserved 1114112K
  class space    used 8860K, capacity 9479K, committed 10112K, reserved 1048576K
}
Event: 1921.510 GC heap before
{Heap before GC invocations=41 (full 5):
 PSYoungGen      total 172544K, used 122368K [0x00000000eab00000, 0x00000000f9880000, 0x0000000100000000)
  eden space 122368K, 100% used [0x00000000eab00000,0x00000000f2280000,0x00000000f2280000)
  from space 50176K, 0% used [0x00000000f2280000,0x00000000f2280000,0x00000000f5380000)
  to   space 48640K, 0% used [0x00000000f6900000,0x00000000f6900000,0x00000000f9880000)
 ParOldGen       total 151040K, used 71639K [0x00000000c0000000, 0x00000000c9380000, 0x00000000eab00000)
  object space 151040K, 47% used [0x00000000c0000000,0x00000000c45f5e18,0x00000000c9380000)
 Metaspace       used 71133K, capacity 73988K, committed 75648K, reserved 1114112K
  class space    used 8993K, capacity 9660K, committed 10112K, reserved 1048576K
Event: 1921.533 GC heap after
Heap after GC invocations=41 (full 5):
 PSYoungGen      total 182272K, used 5141K [0x00000000eab00000, 0x00000000f9280000, 0x0000000100000000)
  eden space 139776K, 0% used [0x00000000eab00000,0x00000000eab00000,0x00000000f3380000)
  from space 42496K, 12% used [0x00000000f6900000,0x00000000f6e05560,0x00000000f9280000)
  to   space 48640K, 0% used [0x00000000f3380000,0x00000000f3380000,0x00000000f6300000)
 ParOldGen       total 151040K, used 71647K [0x00000000c0000000, 0x00000000c9380000, 0x00000000eab00000)
  object space 151040K, 47% used [0x00000000c0000000,0x00000000c45f7e18,0x00000000c9380000)
 Metaspace       used 71133K, capacity 73988K, committed 75648K, reserved 1114112K
  class space    used 8993K, capacity 9660K, committed 10112K, reserved 1048576K
}

Deoptimization events (10 events):
Event: 1906.594 Thread 0x000000001a1a8800 Uncommon trap: reason=class_check action=maybe_recompile pc=0x0000000004446184 method=java.io.ObjectOutputStream.writeObject0(Ljava/lang/Object;Z)V @ 240
Event: 1906.595 Thread 0x000000001a1a8800 Uncommon trap: reason=class_check action=maybe_recompile pc=0x0000000004446184 method=java.io.ObjectOutputStream.writeObject0(Ljava/lang/Object;Z)V @ 240
Event: 1906.598 Thread 0x000000001a1a8800 Uncommon trap: reason=predicate action=maybe_recompile pc=0x0000000003b33134 method=java.util.TimSort.reverseRange([Ljava/lang/Object;II)V @ 8
Event: 1919.250 Thread 0x000000001a1aa000 Uncommon trap: reason=predicate action=maybe_recompile pc=0x00000000057751e8 method=com.google.common.collect.ImmutableSet.construct(I[Ljava/lang/Object;)Lcom/google/common/collect/ImmutableSet; @ 71
Event: 1919.571 Thread 0x000000001a1aa000 Uncommon trap: reason=unstable_if action=reinterpret pc=0x00000000034cc380 method=java.lang.ref.SoftReference.get()Ljava/lang/Object; @ 6
Event: 1919.572 Thread 0x000000001a1aa000 Uncommon trap: reason=unstable_if action=reinterpret pc=0x0000000002d16900 method=java.lang.ref.SoftReference.get()Ljava/lang/Object; @ 6
Event: 1919.572 Thread 0x000000001a1aa000 Uncommon trap: reason=unstable_if action=reinterpret pc=0x00000000032ac608 method=org.codehaus.groovy.util.ReferenceManager$CallBackedManager.removeStallEntries0(Ljava/lang/ref/ReferenceQueue;)V @ 6
Event: 1919.581 Thread 0x000000001a1aa000 Uncommon trap: reason=unstable_if action=reinterpret pc=0x00000000036d6994 method=java.lang.ref.SoftReference.get()Ljava/lang/Object; @ 6
Event: 1919.582 Thread 0x000000001a1aa000 Uncommon trap: reason=unstable_if action=reinterpret pc=0x000000000308a764 method=java.lang.ref.SoftReference.get()Ljava/lang/Object; @ 6
Event: 1919.582 Thread 0x000000001a1aa000 Uncommon trap: reason=unstable_if action=reinterpret pc=0x0000000003cbdc94 method=java.lang.ref.SoftReference.get()Ljava/lang/Object; @ 6

Classes redefined (0 events):
No events

Internal exceptions (10 events):
Event: 1921.331 Thread 0x000000001a1aa000 Exception <a 'sun/nio/fs/WindowsException'> (0x00000000f17e0350) thrown at [D:\src\AOSP-openjdk-cygwin\jdk8u\hotspot\src\share\vm\prims\jni.cpp, line 709]
Event: 1921.331 Thread 0x000000001a1aa000 Exception <a 'sun/nio/fs/WindowsException'> (0x00000000f17e10f0) thrown at [D:\src\AOSP-openjdk-cygwin\jdk8u\hotspot\src\share\vm\prims\jni.cpp, line 709]
Event: 1921.333 Thread 0x000000001a1aa000 Exception <a 'sun/nio/fs/WindowsException'> (0x00000000f17e3d00) thrown at [D:\src\AOSP-openjdk-cygwin\jdk8u\hotspot\src\share\vm\prims\jni.cpp, line 709]
Event: 1921.333 Thread 0x000000001a1aa000 Exception <a 'sun/nio/fs/WindowsException'> (0x00000000f17e48e8) thrown at [D:\src\AOSP-openjdk-cygwin\jdk8u\hotspot\src\share\vm\prims\jni.cpp, line 709]
Event: 1921.334 Thread 0x000000001a1aa000 Exception <a 'sun/nio/fs/WindowsException'> (0x00000000f17e6500) thrown at [D:\src\AOSP-openjdk-cygwin\jdk8u\hotspot\src\share\vm\prims\jni.cpp, line 709]
Event: 1921.334 Thread 0x000000001a1aa000 Exception <a 'sun/nio/fs/WindowsException'> (0x00000000f17e7128) thrown at [D:\src\AOSP-openjdk-cygwin\jdk8u\hotspot\src\share\vm\prims\jni.cpp, line 709]
Event: 1921.338 Thread 0x000000001a1aa000 Exception <a 'sun/nio/fs/WindowsException'> (0x00000000f17e9cc0) thrown at [D:\src\AOSP-openjdk-cygwin\jdk8u\hotspot\src\share\vm\prims\jni.cpp, line 709]
Event: 1921.338 Thread 0x000000001a1aa000 Exception <a 'sun/nio/fs/WindowsException'> (0x00000000f17ea920) thrown at [D:\src\AOSP-openjdk-cygwin\jdk8u\hotspot\src\share\vm\prims\jni.cpp, line 709]
Event: 1921.339 Thread 0x000000001a1aa000 Exception <a 'sun/nio/fs/WindowsException'> (0x00000000f17ec5b0) thrown at [D:\src\AOSP-openjdk-cygwin\jdk8u\hotspot\src\share\vm\prims\jni.cpp, line 709]
Event: 1921.339 Thread 0x000000001a1aa000 Exception <a 'sun/nio/fs/WindowsException'> (0x00000000f17ed250) thrown at [D:\src\AOSP-openjdk-cygwin\jdk8u\hotspot\src\share\vm\prims\jni.cpp, line 709]

Events (10 events):
Event: 1921.534 Executing VM operation: BulkRevokeBias
Event: 1921.535 Executing VM operation: BulkRevokeBias done
Event: 1921.535 Executing VM operation: RevokeBias
Event: 1921.536 Executing VM operation: RevokeBias done
Event: 1921.536 Executing VM operation: RevokeBias
Event: 1921.536 Executing VM operation: RevokeBias done
Event: 1921.536 Executing VM operation: RevokeBias
Event: 1921.536 Executing VM operation: RevokeBias done
Event: 1921.536 Executing VM operation: RevokeBias
Event: 1921.536 Executing VM operation: RevokeBias done


Dynamic libraries:
0x00007ff7d9b40000 - 0x00007ff7d9b71000 	C:\Program Files\Android\Android Studio1\jre\bin\java.exe
0x00007ffc91fe0000 - 0x00007ffc921c1000 	C:\WINDOWS\SYSTEM32\ntdll.dll
0x00007ffc91ee0000 - 0x00007ffc91f92000 	C:\WINDOWS\System32\KERNEL32.DLL
0x00007ffc8e650000 - 0x00007ffc8e8c3000 	C:\WINDOWS\System32\KERNELBASE.dll
0x00007ffc90340000 - 0x00007ffc903e1000 	C:\WINDOWS\System32\ADVAPI32.dll
0x00007ffc8f470000 - 0x00007ffc8f50e000 	C:\WINDOWS\System32\msvcrt.dll
0x00007ffc8f810000 - 0x00007ffc8f86b000 	C:\WINDOWS\System32\sechost.dll
0x00007ffc8f540000 - 0x00007ffc8f664000 	C:\WINDOWS\System32\RPCRT4.dll
0x00007ffc90740000 - 0x00007ffc908d0000 	C:\WINDOWS\System32\USER32.dll
0x00007ffc8e8d0000 - 0x00007ffc8e8f0000 	C:\WINDOWS\System32\win32u.dll
0x00007ffc90310000 - 0x00007ffc90338000 	C:\WINDOWS\System32\GDI32.dll
0x00007ffc8e3b0000 - 0x00007ffc8e542000 	C:\WINDOWS\System32\gdi32full.dll
0x00007ffc8e950000 - 0x00007ffc8e9ef000 	C:\WINDOWS\System32\msvcp_win.dll
0x00007ffc8ebe0000 - 0x00007ffc8ecda000 	C:\WINDOWS\System32\ucrtbase.dll
0x00007ffc86e70000 - 0x00007ffc870d9000 	C:\WINDOWS\WinSxS\amd64_microsoft.windows.common-controls_6595b64144ccf1df_6.0.17134.407_none_fb449d63306391e9\COMCTL32.dll
0x00007ffc8f9d0000 - 0x00007ffc8fcf2000 	C:\WINDOWS\System32\combase.dll
0x00007ffc8f3f0000 - 0x00007ffc8f46a000 	C:\WINDOWS\System32\bcryptPrimitives.dll
0x00007ffc8f510000 - 0x00007ffc8f53d000 	C:\WINDOWS\System32\IMM32.DLL
0x000000006bab0000 - 0x000000006bb82000 	C:\Program Files\Android\Android Studio1\jre\jre\bin\msvcr100.dll
0x000000006bc70000 - 0x000000006c4ae000 	C:\Program Files\Android\Android Studio1\jre\jre\bin\server\jvm.dll
0x00007ffc90280000 - 0x00007ffc90288000 	C:\WINDOWS\System32\PSAPI.DLL
0x00007ffc8c540000 - 0x00007ffc8c549000 	C:\WINDOWS\SYSTEM32\WSOCK32.dll
0x00007ffc8aa00000 - 0x00007ffc8aa0a000 	C:\WINDOWS\SYSTEM32\VERSION.dll
0x00007ffc906d0000 - 0x00007ffc9073c000 	C:\WINDOWS\System32\WS2_32.dll
0x00007ffc87b60000 - 0x00007ffc87b83000 	C:\WINDOWS\SYSTEM32\WINMM.dll
0x00007ffc87b30000 - 0x00007ffc87b5a000 	C:\WINDOWS\SYSTEM32\winmmbase.dll
0x00007ffc8e550000 - 0x00007ffc8e599000 	C:\WINDOWS\System32\cfgmgr32.dll
0x00007ffc8c550000 - 0x00007ffc8c55f000 	C:\Program Files\Android\Android Studio1\jre\jre\bin\verify.dll
0x00007ffc89970000 - 0x00007ffc89999000 	C:\Program Files\Android\Android Studio1\jre\jre\bin\java.dll
0x00007ffc89950000 - 0x00007ffc89966000 	C:\Program Files\Android\Android Studio1\jre\jre\bin\zip.dll
0x00007ffc90930000 - 0x00007ffc91d6f000 	C:\WINDOWS\System32\SHELL32.dll
0x00007ffc90570000 - 0x00007ffc90619000 	C:\WINDOWS\System32\shcore.dll
0x00007ffc8ece0000 - 0x00007ffc8f3ed000 	C:\WINDOWS\System32\windows.storage.dll
0x00007ffc908d0000 - 0x00007ffc90921000 	C:\WINDOWS\System32\shlwapi.dll
0x00007ffc8e310000 - 0x00007ffc8e321000 	C:\WINDOWS\System32\kernel.appcore.dll
0x00007ffc8e390000 - 0x00007ffc8e3af000 	C:\WINDOWS\System32\profapi.dll
0x00007ffc8e340000 - 0x00007ffc8e38c000 	C:\WINDOWS\System32\powrprof.dll
0x00007ffc8e330000 - 0x00007ffc8e33a000 	C:\WINDOWS\System32\FLTLIB.DLL
0x00007ffc89930000 - 0x00007ffc8994a000 	C:\Program Files\Android\Android Studio1\jre\jre\bin\net.dll
0x00007ffc8db70000 - 0x00007ffc8dbd6000 	C:\WINDOWS\system32\mswsock.dll
0x00007ffc89910000 - 0x00007ffc89921000 	C:\Program Files\Android\Android Studio1\jre\jre\bin\nio.dll
0x00007ffc80fd0000 - 0x00007ffc80fee000 	C:\Users\Rikmen\.gradle\native\25\windows-amd64\native-platform.dll
0x00007ffc8bdf0000 - 0x00007ffc8bdfd000 	C:\Program Files\Android\Android Studio1\jre\jre\bin\management.dll
0x00007ffc8dd20000 - 0x00007ffc8dd37000 	C:\WINDOWS\SYSTEM32\CRYPTSP.dll
0x00007ffc8d750000 - 0x00007ffc8d783000 	C:\WINDOWS\system32\rsaenh.dll
0x00007ffc8de50000 - 0x00007ffc8de75000 	C:\WINDOWS\SYSTEM32\bcrypt.dll
0x00007ffc8e220000 - 0x00007ffc8e248000 	C:\WINDOWS\SYSTEM32\USERENV.dll
0x00007ffc8dd40000 - 0x00007ffc8dd4b000 	C:\WINDOWS\SYSTEM32\CRYPTBASE.dll
0x00007ffc8d8f0000 - 0x00007ffc8d928000 	C:\WINDOWS\SYSTEM32\IPHLPAPI.DLL
0x00007ffc91fa0000 - 0x00007ffc91fa8000 	C:\WINDOWS\System32\NSI.dll
0x00007ffc8a0b0000 - 0x00007ffc8a0c6000 	C:\WINDOWS\SYSTEM32\dhcpcsvc6.DLL
0x00007ffc8a260000 - 0x00007ffc8a27a000 	C:\WINDOWS\SYSTEM32\dhcpcsvc.DLL

VM Arguments:
jvm_args: -XX:+HeapDumpOnOutOfMemoryError -Xmx1024m -Dfile.encoding=windows-1252 -Duser.country=RU -Duser.language=ru -Duser.variant 
java_command: org.gradle.launcher.daemon.bootstrap.GradleDaemon 4.1
java_class_path (initial): C:\Users\Rikmen\.gradle\wrapper\dists\gradle-4.1-all\bzyivzo6n839fup2jbap0tjew\gradle-4.1\lib\gradle-launcher-4.1.jar
Launcher Type: SUN_STANDARD

Environment Variables:
PATH=C:\ProgramData\Oracle\Java\javapath;C:\Program Files (x86)\NVIDIA Corporation\PhysX\Common;C:\WINDOWS\system32;C:\WINDOWS;C:\WINDOWS\System32\Wbem;C:\WINDOWS\System32\WindowsPowerShell\v1.0\;C:\Program Files\Git\cmd;C:\Program Files\PostgreSQL\9.6\bin;C:\Program Files\PostgreSQL\9.6\lib;C:\Program Files (x86)\Skype\Phone\;C:\Program Files\nodejs\;C:\WINDOWS\System32\OpenSSH\;C:\Users\Rikmen\AppData\Local\Microsoft\WindowsApps;C:\Users\Rikmen\AppData\Roaming\npm;
USERNAME=Rikmen
OS=Windows_NT
PROCESSOR_IDENTIFIER=Intel64 Family 6 Model 69 Stepping 1, GenuineIntel



---------------  S Y S T E M  ---------------

OS: Windows 10.0 , 64 bit Build 17134 (10.0.17134.1)

CPU:total 4 (initial active 4) (2 cores per cpu, 2 threads per core) family 6 model 69 stepping 1, cmov, cx8, fxsr, mmx, sse, sse2, sse3, ssse3, sse4.1, sse4.2, popcnt, avx, avx2, aes, clmul, erms, lzcnt, ht, tsc, tscinvbit, bmi1, bmi2

Memory: 4k page, physical 8153240k(1547404k free), swap 33319064k(3272k free)

vm_info: OpenJDK 64-Bit Server VM (25.152-b01) for windows-amd64 JRE (1.8.0_152-release-915-b01), built by "builder" with MS VC++ 10.0 (VS2010)

time: Fri Nov 16 18:39:02 2018
elapsed time: 1922 seconds (0d 0h 32m 2s)

